[debug] [2026-04-23T04:51:07.695Z] ----------------------------------------------------------------------
[debug] [2026-04-23T04:51:07.699Z] Command:       C:\Program Files\nodejs\node.exe C:\Users\Icaro\AppData\Roaming\npm\node_modules\firebase-tools\lib\bin\firebase.js hosting:disable
[debug] [2026-04-23T04:51:07.699Z] CLI Version:   15.15.0
[debug] [2026-04-23T04:51:07.699Z] Platform:      win32
[debug] [2026-04-23T04:51:07.699Z] Node Version:  v24.15.0
[debug] [2026-04-23T04:51:07.699Z] Time:          Thu Apr 23 2026 01:51:07 GMT-0300 (Horário Padrão de Brasília)
[debug] [2026-04-23T04:51:07.700Z] ----------------------------------------------------------------------
[debug] 
[debug] [2026-04-23T04:51:07.920Z] > command requires scopes: ["email","openid","https://www.googleapis.com/auth/cloudplatformprojects.readonly","https://www.googleapis.com/auth/firebase","https://www.googleapis.com/auth/cloud-platform"]
[debug] [2026-04-23T04:51:07.920Z] > authorizing via signed-in user (icaronunes999@gmail.com)
[debug] [2026-04-23T04:51:07.921Z] [iam] checking project deploy for permissions ["firebase.projects.get","firebasehosting.sites.update"]
[debug] [2026-04-23T04:51:07.922Z] Checked if tokens are valid: true, expires at: 1776922446608
[debug] [2026-04-23T04:51:07.922Z] Checked if tokens are valid: true, expires at: 1776922446608
[debug] [2026-04-23T04:51:07.923Z] >>> [apiv2][query] POST https://cloudresourcemanager.googleapis.com/v1/projects/deploy:testIamPermissions [none]
[debug] [2026-04-23T04:51:07.923Z] >>> [apiv2][(partial)header] POST https://cloudresourcemanager.googleapis.com/v1/projects/deploy:testIamPermissions  x-goog-user-project=deploy
[debug] [2026-04-23T04:51:07.924Z] >>> [apiv2][body] POST https://cloudresourcemanager.googleapis.com/v1/projects/deploy:testIamPermissions {"permissions":["firebase.projects.get","firebasehosting.sites.update"]}
[debug] [2026-04-23T04:51:08.904Z] <<< [apiv2][status] POST https://cloudresourcemanager.googleapis.com/v1/projects/deploy:testIamPermissions 400
[debug] [2026-04-23T04:51:08.904Z] <<< [apiv2][body] POST https://cloudresourcemanager.googleapis.com/v1/projects/deploy:testIamPermissions {"error":{"code":400,"message":"Project 'projects/deploy' not found or deleted.","status":"INVALID_ARGUMENT","details":[{"@type":"type.googleapis.com/google.rpc.ErrorInfo","reason":"USER_PROJECT_DENIED","domain":"googleapis.com","metadata":{"consumer":"projects/deploy","containerInfo":"projects/deploy","service":"cloudresourcemanager.googleapis.com"}}]}}
[debug] [2026-04-23T04:51:08.904Z] [iam] error while checking permissions, command may fail: Request to https://cloudresourcemanager.googleapis.com/v1/projects/deploy:testIamPermissions had HTTP Error: 400, Project 'projects/deploy' not found or deleted.
[debug] [2026-04-23T04:51:08.905Z] Checked if tokens are valid: true, expires at: 1776922446608
[debug] [2026-04-23T04:51:08.905Z] Checked if tokens are valid: true, expires at: 1776922446608
[debug] [2026-04-23T04:51:08.905Z] >>> [apiv2][query] GET https://firebase.googleapis.com/v1beta1/projects/deploy [none]
[debug] [2026-04-23T04:51:09.517Z] <<< [apiv2][status] GET https://firebase.googleapis.com/v1beta1/projects/deploy 403
[debug] [2026-04-23T04:51:09.517Z] <<< [apiv2][body] GET https://firebase.googleapis.com/v1beta1/projects/deploy {"error":{"code":403,"message":"The caller does not have permission","status":"PERMISSION_DENIED"}}
[debug] [2026-04-23T04:51:09.517Z] Request to https://firebase.googleapis.com/v1beta1/projects/deploy had HTTP Error: 403, The caller does not have permission
[debug] [2026-04-23T04:51:09.518Z] FirebaseError: Request to https://firebase.googleapis.com/v1beta1/projects/deploy had HTTP Error: 403, The caller does not have permission
    at responseToError (C:\Users\Icaro\AppData\Roaming\npm\node_modules\firebase-tools\lib\responseToError.js:53:12)
    at RetryOperation._fn (C:\Users\Icaro\AppData\Roaming\npm\node_modules\firebase-tools\lib\apiv2.js:333:77)
    at process.processTicksAndRejections (node:internal/process/task_queues:104:5)
[error] 
[error] Error: Failed to get Firebase project deploy. Please make sure the project exists and your account has permission to access it.
[debug] [2026-04-23T04:51:20.447Z] ----------------------------------------------------------------------
[debug] [2026-04-23T04:51:20.451Z] Command:       C:\Program Files\nodejs\node.exe C:\Users\Icaro\AppData\Roaming\npm\node_modules\firebase-tools\lib\bin\firebase.js hosting:disable
[debug] [2026-04-23T04:51:20.451Z] CLI Version:   15.15.0
[debug] [2026-04-23T04:51:20.451Z] Platform:      win32
[debug] [2026-04-23T04:51:20.451Z] Node Version:  v24.15.0
[debug] [2026-04-23T04:51:20.451Z] Time:          Thu Apr 23 2026 01:51:20 GMT-0300 (Horário Padrão de Brasília)
[debug] [2026-04-23T04:51:20.451Z] ----------------------------------------------------------------------
[debug] 
[debug] [2026-04-23T04:51:20.673Z] > command requires scopes: ["email","openid","https://www.googleapis.com/auth/cloudplatformprojects.readonly","https://www.googleapis.com/auth/firebase","https://www.googleapis.com/auth/cloud-platform"]
[debug] [2026-04-23T04:51:20.673Z] > authorizing via signed-in user (icaronunes999@gmail.com)
[debug] [2026-04-23T04:51:20.673Z] [iam] checking project deploy for permissions ["firebase.projects.get","firebasehosting.sites.update"]
[debug] [2026-04-23T04:51:20.674Z] Checked if tokens are valid: true, expires at: 1776922446608
[debug] [2026-04-23T04:51:20.674Z] Checked if tokens are valid: true, expires at: 1776922446608
[debug] [2026-04-23T04:51:20.675Z] >>> [apiv2][query] POST https://cloudresourcemanager.googleapis.com/v1/projects/deploy:testIamPermissions [none]
[debug] [2026-04-23T04:51:20.675Z] >>> [apiv2][(partial)header] POST https://cloudresourcemanager.googleapis.com/v1/projects/deploy:testIamPermissions  x-goog-user-project=deploy
[debug] [2026-04-23T04:51:20.675Z] >>> [apiv2][body] POST https://cloudresourcemanager.googleapis.com/v1/projects/deploy:testIamPermissions {"permissions":["firebase.projects.get","firebasehosting.sites.update"]}
[debug] [2026-04-23T04:51:21.600Z] <<< [apiv2][status] POST https://cloudresourcemanager.googleapis.com/v1/projects/deploy:testIamPermissions 400
[debug] [2026-04-23T04:51:21.600Z] <<< [apiv2][body] POST https://cloudresourcemanager.googleapis.com/v1/projects/deploy:testIamPermissions {"error":{"code":400,"message":"Project 'projects/deploy' not found or deleted.","status":"INVALID_ARGUMENT","details":[{"@type":"type.googleapis.com/google.rpc.ErrorInfo","reason":"USER_PROJECT_DENIED","domain":"googleapis.com","metadata":{"containerInfo":"projects/deploy","service":"cloudresourcemanager.googleapis.com","consumer":"projects/deploy"}}]}}
[debug] [2026-04-23T04:51:21.601Z] [iam] error while checking permissions, command may fail: Request to https://cloudresourcemanager.googleapis.com/v1/projects/deploy:testIamPermissions had HTTP Error: 400, Project 'projects/deploy' not found or deleted.
[debug] [2026-04-23T04:51:21.601Z] Checked if tokens are valid: true, expires at: 1776922446608
[debug] [2026-04-23T04:51:21.601Z] Checked if tokens are valid: true, expires at: 1776922446608
[debug] [2026-04-23T04:51:21.602Z] >>> [apiv2][query] GET https://firebase.googleapis.com/v1beta1/projects/deploy [none]
[debug] [2026-04-23T04:51:22.045Z] <<< [apiv2][status] GET https://firebase.googleapis.com/v1beta1/projects/deploy 403
[debug] [2026-04-23T04:51:22.045Z] <<< [apiv2][body] GET https://firebase.googleapis.com/v1beta1/projects/deploy {"error":{"code":403,"message":"The caller does not have permission","status":"PERMISSION_DENIED"}}
[debug] [2026-04-23T04:51:22.045Z] Request to https://firebase.googleapis.com/v1beta1/projects/deploy had HTTP Error: 403, The caller does not have permission
[debug] [2026-04-23T04:51:22.047Z] FirebaseError: Request to https://firebase.googleapis.com/v1beta1/projects/deploy had HTTP Error: 403, The caller does not have permission
    at responseToError (C:\Users\Icaro\AppData\Roaming\npm\node_modules\firebase-tools\lib\responseToError.js:53:12)
    at RetryOperation._fn (C:\Users\Icaro\AppData\Roaming\npm\node_modules\firebase-tools\lib\apiv2.js:333:77)
    at process.processTicksAndRejections (node:internal/process/task_queues:104:5)
[error] 
[error] Error: Failed to get Firebase project deploy. Please make sure the project exists and your account has permission to access it.
